/Users/nancy/.gem/ruby/1.8/gems/activesupport-2.3.4/lib/active_support/dependencies.rb:443:in `load_missing_constant': uninitialized constant TfIdf (NameError)
	from /Users/nancy/.gem/ruby/1.8/gems/activesupport-2.3.4/lib/active_support/dependencies.rb:80:in `const_missing'
	from /Users/nancy/.gem/ruby/1.8/gems/activesupport-2.3.4/lib/active_support/dependencies.rb:92:in `const_missing'
	from /Users/nancy/ndujmovic/project3/engineers/vendor/plugins/backgroundrb/server/lib/master_proxy.rb:38:in `const_get'
	from /Users/nancy/ndujmovic/project3/engineers/vendor/plugins/backgroundrb/server/lib/master_proxy.rb:38:in `find_reloadable_worker'
	from /Users/nancy/ndujmovic/project3/engineers/vendor/plugins/backgroundrb/server/lib/master_proxy.rb:35:in `map'
	from /Users/nancy/ndujmovic/project3/engineers/vendor/plugins/backgroundrb/server/lib/master_proxy.rb:35:in `find_reloadable_worker'
	from /Users/nancy/ndujmovic/project3/engineers/vendor/plugins/backgroundrb/server/lib/master_proxy.rb:12:in `initialize'
	from /Users/nancy/ndujmovic/project3/engineers/vendor/plugins/backgroundrb/lib/backgroundrb/bdrb_start_stop.rb:109:in `new'
	from /Users/nancy/ndujmovic/project3/engineers/vendor/plugins/backgroundrb/lib/backgroundrb/bdrb_start_stop.rb:109:in `start_bdrb'
	from /Users/nancy/ndujmovic/project3/engineers/vendor/plugins/backgroundrb/lib/backgroundrb/bdrb_start_stop.rb:16:in `start'
	from script/backgroundrb:24
/Users/nancy/.gem/ruby/1.8/gems/activesupport-2.3.4/lib/active_support/dependencies.rb:443:in `load_missing_constant': uninitialized constant TfIdf (NameError)
	from /Users/nancy/.gem/ruby/1.8/gems/activesupport-2.3.4/lib/active_support/dependencies.rb:80:in `const_missing'
	from /Users/nancy/.gem/ruby/1.8/gems/activesupport-2.3.4/lib/active_support/dependencies.rb:92:in `const_missing'
	from /Users/nancy/ndujmovic/project3/engineers/vendor/plugins/backgroundrb/server/lib/master_proxy.rb:38:in `const_get'
	from /Users/nancy/ndujmovic/project3/engineers/vendor/plugins/backgroundrb/server/lib/master_proxy.rb:38:in `find_reloadable_worker'
	from /Users/nancy/ndujmovic/project3/engineers/vendor/plugins/backgroundrb/server/lib/master_proxy.rb:35:in `map'
	from /Users/nancy/ndujmovic/project3/engineers/vendor/plugins/backgroundrb/server/lib/master_proxy.rb:35:in `find_reloadable_worker'
	from /Users/nancy/ndujmovic/project3/engineers/vendor/plugins/backgroundrb/server/lib/master_proxy.rb:12:in `initialize'
	from /Users/nancy/ndujmovic/project3/engineers/vendor/plugins/backgroundrb/lib/backgroundrb/bdrb_start_stop.rb:109:in `new'
	from /Users/nancy/ndujmovic/project3/engineers/vendor/plugins/backgroundrb/lib/backgroundrb/bdrb_start_stop.rb:109:in `start_bdrb'
	from /Users/nancy/ndujmovic/project3/engineers/vendor/plugins/backgroundrb/lib/backgroundrb/bdrb_start_stop.rb:16:in `start'
	from script/backgroundrb:24
/Users/nancy/.gem/ruby/1.8/gems/activesupport-2.3.4/lib/active_support/dependencies.rb:443:in `load_missing_constant': uninitialized constant TfIdf (NameError)
	from /Users/nancy/.gem/ruby/1.8/gems/activesupport-2.3.4/lib/active_support/dependencies.rb:80:in `const_missing'
	from /Users/nancy/.gem/ruby/1.8/gems/activesupport-2.3.4/lib/active_support/dependencies.rb:92:in `const_missing'
	from /Users/nancy/ndujmovic/project3/engineers/vendor/plugins/backgroundrb/server/lib/master_proxy.rb:38:in `const_get'
	from /Users/nancy/ndujmovic/project3/engineers/vendor/plugins/backgroundrb/server/lib/master_proxy.rb:38:in `find_reloadable_worker'
	from /Users/nancy/ndujmovic/project3/engineers/vendor/plugins/backgroundrb/server/lib/master_proxy.rb:35:in `map'
	from /Users/nancy/ndujmovic/project3/engineers/vendor/plugins/backgroundrb/server/lib/master_proxy.rb:35:in `find_reloadable_worker'
	from /Users/nancy/ndujmovic/project3/engineers/vendor/plugins/backgroundrb/server/lib/master_proxy.rb:12:in `initialize'
	from /Users/nancy/ndujmovic/project3/engineers/vendor/plugins/backgroundrb/lib/backgroundrb/bdrb_start_stop.rb:109:in `new'
	from /Users/nancy/ndujmovic/project3/engineers/vendor/plugins/backgroundrb/lib/backgroundrb/bdrb_start_stop.rb:109:in `start_bdrb'
	from /Users/nancy/ndujmovic/project3/engineers/vendor/plugins/backgroundrb/lib/backgroundrb/bdrb_start_stop.rb:16:in `start'
	from script/backgroundrb:24
/Users/nancy/.gem/ruby/1.8/gems/activesupport-2.3.4/lib/active_support/dependencies.rb:443:in `load_missing_constant': uninitialized constant TfIdf (NameError)
	from /Users/nancy/.gem/ruby/1.8/gems/activesupport-2.3.4/lib/active_support/dependencies.rb:80:in `const_missing'
	from /Users/nancy/.gem/ruby/1.8/gems/activesupport-2.3.4/lib/active_support/dependencies.rb:92:in `const_missing'
	from /Users/nancy/ndujmovic/project3/engineers/vendor/plugins/backgroundrb/server/lib/master_proxy.rb:38:in `const_get'
	from /Users/nancy/ndujmovic/project3/engineers/vendor/plugins/backgroundrb/server/lib/master_proxy.rb:38:in `find_reloadable_worker'
	from /Users/nancy/ndujmovic/project3/engineers/vendor/plugins/backgroundrb/server/lib/master_proxy.rb:35:in `map'
	from /Users/nancy/ndujmovic/project3/engineers/vendor/plugins/backgroundrb/server/lib/master_proxy.rb:35:in `find_reloadable_worker'
	from /Users/nancy/ndujmovic/project3/engineers/vendor/plugins/backgroundrb/server/lib/master_proxy.rb:12:in `initialize'
	from /Users/nancy/ndujmovic/project3/engineers/vendor/plugins/backgroundrb/lib/backgroundrb/bdrb_start_stop.rb:109:in `new'
	from /Users/nancy/ndujmovic/project3/engineers/vendor/plugins/backgroundrb/lib/backgroundrb/bdrb_start_stop.rb:109:in `start_bdrb'
	from /Users/nancy/ndujmovic/project3/engineers/vendor/plugins/backgroundrb/lib/backgroundrb/bdrb_start_stop.rb:16:in `start'
	from script/backgroundrb:24
/Users/nancy/.gem/ruby/1.8/gems/activesupport-2.3.4/lib/active_support/dependencies.rb:443:in `load_missing_constant': uninitialized constant TfIdf (NameError)
	from /Users/nancy/.gem/ruby/1.8/gems/activesupport-2.3.4/lib/active_support/dependencies.rb:80:in `const_missing'
	from /Users/nancy/.gem/ruby/1.8/gems/activesupport-2.3.4/lib/active_support/dependencies.rb:92:in `const_missing'
	from /Users/nancy/ndujmovic/project3/engineers/vendor/plugins/backgroundrb/server/lib/master_proxy.rb:38:in `const_get'
	from /Users/nancy/ndujmovic/project3/engineers/vendor/plugins/backgroundrb/server/lib/master_proxy.rb:38:in `find_reloadable_worker'
	from /Users/nancy/ndujmovic/project3/engineers/vendor/plugins/backgroundrb/server/lib/master_proxy.rb:35:in `map'
	from /Users/nancy/ndujmovic/project3/engineers/vendor/plugins/backgroundrb/server/lib/master_proxy.rb:35:in `find_reloadable_worker'
	from /Users/nancy/ndujmovic/project3/engineers/vendor/plugins/backgroundrb/server/lib/master_proxy.rb:12:in `initialize'
	from /Users/nancy/ndujmovic/project3/engineers/vendor/plugins/backgroundrb/lib/backgroundrb/bdrb_start_stop.rb:109:in `new'
	from /Users/nancy/ndujmovic/project3/engineers/vendor/plugins/backgroundrb/lib/backgroundrb/bdrb_start_stop.rb:109:in `start_bdrb'
	from /Users/nancy/ndujmovic/project3/engineers/vendor/plugins/backgroundrb/lib/backgroundrb/bdrb_start_stop.rb:16:in `start'
	from script/backgroundrb:24
/Users/nancy/.gem/ruby/1.8/gems/activesupport-2.3.4/lib/active_support/dependencies.rb:443:in `load_missing_constant': uninitialized constant TfIdf (NameError)
	from /Users/nancy/.gem/ruby/1.8/gems/activesupport-2.3.4/lib/active_support/dependencies.rb:80:in `const_missing'
	from /Users/nancy/.gem/ruby/1.8/gems/activesupport-2.3.4/lib/active_support/dependencies.rb:92:in `const_missing'
	from /Users/nancy/ndujmovic/project3/engineers/vendor/plugins/backgroundrb/server/lib/master_proxy.rb:38:in `const_get'
	from /Users/nancy/ndujmovic/project3/engineers/vendor/plugins/backgroundrb/server/lib/master_proxy.rb:38:in `find_reloadable_worker'
	from /Users/nancy/ndujmovic/project3/engineers/vendor/plugins/backgroundrb/server/lib/master_proxy.rb:35:in `map'
	from /Users/nancy/ndujmovic/project3/engineers/vendor/plugins/backgroundrb/server/lib/master_proxy.rb:35:in `find_reloadable_worker'
	from /Users/nancy/ndujmovic/project3/engineers/vendor/plugins/backgroundrb/server/lib/master_proxy.rb:12:in `initialize'
	from /Users/nancy/ndujmovic/project3/engineers/vendor/plugins/backgroundrb/lib/backgroundrb/bdrb_start_stop.rb:109:in `new'
	from /Users/nancy/ndujmovic/project3/engineers/vendor/plugins/backgroundrb/lib/backgroundrb/bdrb_start_stop.rb:109:in `start_bdrb'
	from /Users/nancy/ndujmovic/project3/engineers/vendor/plugins/backgroundrb/lib/backgroundrb/bdrb_start_stop.rb:16:in `start'
	from script/backgroundrb:24
/Users/nancy/.gem/ruby/1.8/gems/activesupport-2.3.4/lib/active_support/dependencies.rb:443:in `load_missing_constant': uninitialized constant TfIdf (NameError)
	from /Users/nancy/.gem/ruby/1.8/gems/activesupport-2.3.4/lib/active_support/dependencies.rb:80:in `const_missing'
	from /Users/nancy/.gem/ruby/1.8/gems/activesupport-2.3.4/lib/active_support/dependencies.rb:92:in `const_missing'
	from /Users/nancy/ndujmovic/project3/engineers/vendor/plugins/backgroundrb/server/lib/master_proxy.rb:38:in `const_get'
	from /Users/nancy/ndujmovic/project3/engineers/vendor/plugins/backgroundrb/server/lib/master_proxy.rb:38:in `find_reloadable_worker'
	from /Users/nancy/ndujmovic/project3/engineers/vendor/plugins/backgroundrb/server/lib/master_proxy.rb:35:in `map'
	from /Users/nancy/ndujmovic/project3/engineers/vendor/plugins/backgroundrb/server/lib/master_proxy.rb:35:in `find_reloadable_worker'
	from /Users/nancy/ndujmovic/project3/engineers/vendor/plugins/backgroundrb/server/lib/master_proxy.rb:12:in `initialize'
	from /Users/nancy/ndujmovic/project3/engineers/vendor/plugins/backgroundrb/lib/backgroundrb/bdrb_start_stop.rb:109:in `new'
	from /Users/nancy/ndujmovic/project3/engineers/vendor/plugins/backgroundrb/lib/backgroundrb/bdrb_start_stop.rb:109:in `start_bdrb'
	from /Users/nancy/ndujmovic/project3/engineers/vendor/plugins/backgroundrb/lib/backgroundrb/bdrb_start_stop.rb:16:in `start'
	from script/backgroundrb:24
/Users/nancy/.gem/ruby/1.8/gems/activesupport-2.3.4/lib/active_support/dependencies.rb:443:in `load_missing_constant': uninitialized constant TfIdf (NameError)
	from /Users/nancy/.gem/ruby/1.8/gems/activesupport-2.3.4/lib/active_support/dependencies.rb:80:in `const_missing'
	from /Users/nancy/.gem/ruby/1.8/gems/activesupport-2.3.4/lib/active_support/dependencies.rb:92:in `const_missing'
	from /Users/nancy/ndujmovic/project3/engineers/vendor/plugins/backgroundrb/server/lib/master_proxy.rb:38:in `const_get'
	from /Users/nancy/ndujmovic/project3/engineers/vendor/plugins/backgroundrb/server/lib/master_proxy.rb:38:in `find_reloadable_worker'
	from /Users/nancy/ndujmovic/project3/engineers/vendor/plugins/backgroundrb/server/lib/master_proxy.rb:35:in `map'
	from /Users/nancy/ndujmovic/project3/engineers/vendor/plugins/backgroundrb/server/lib/master_proxy.rb:35:in `find_reloadable_worker'
	from /Users/nancy/ndujmovic/project3/engineers/vendor/plugins/backgroundrb/server/lib/master_proxy.rb:12:in `initialize'
	from /Users/nancy/ndujmovic/project3/engineers/vendor/plugins/backgroundrb/lib/backgroundrb/bdrb_start_stop.rb:109:in `new'
	from /Users/nancy/ndujmovic/project3/engineers/vendor/plugins/backgroundrb/lib/backgroundrb/bdrb_start_stop.rb:109:in `start_bdrb'
	from /Users/nancy/ndujmovic/project3/engineers/vendor/plugins/backgroundrb/lib/backgroundrb/bdrb_start_stop.rb:16:in `start'
	from script/backgroundrb:24
/Users/nancy/.gem/ruby/1.8/gems/activesupport-2.3.4/lib/active_support/dependencies.rb:443:in `load_missing_constant': uninitialized constant TfIdf (NameError)
	from /Users/nancy/.gem/ruby/1.8/gems/activesupport-2.3.4/lib/active_support/dependencies.rb:80:in `const_missing'
	from /Users/nancy/.gem/ruby/1.8/gems/activesupport-2.3.4/lib/active_support/dependencies.rb:92:in `const_missing'
	from /Users/nancy/ndujmovic/project3/engineers/vendor/plugins/backgroundrb/server/lib/master_proxy.rb:38:in `const_get'
	from /Users/nancy/ndujmovic/project3/engineers/vendor/plugins/backgroundrb/server/lib/master_proxy.rb:38:in `find_reloadable_worker'
	from /Users/nancy/ndujmovic/project3/engineers/vendor/plugins/backgroundrb/server/lib/master_proxy.rb:35:in `map'
	from /Users/nancy/ndujmovic/project3/engineers/vendor/plugins/backgroundrb/server/lib/master_proxy.rb:35:in `find_reloadable_worker'
	from /Users/nancy/ndujmovic/project3/engineers/vendor/plugins/backgroundrb/server/lib/master_proxy.rb:12:in `initialize'
	from /Users/nancy/ndujmovic/project3/engineers/vendor/plugins/backgroundrb/lib/backgroundrb/bdrb_start_stop.rb:109:in `new'
	from /Users/nancy/ndujmovic/project3/engineers/vendor/plugins/backgroundrb/lib/backgroundrb/bdrb_start_stop.rb:109:in `start_bdrb'
	from /Users/nancy/ndujmovic/project3/engineers/vendor/plugins/backgroundrb/lib/backgroundrb/bdrb_start_stop.rb:16:in `start'
	from script/backgroundrb:24
/Library/Ruby/Gems/1.8/gems/packet-0.1.15/lib/packet/packet_core.rb:126:in `bind': Address family not supported by protocol family - bind(2) (Errno::EAFNOSUPPORT)
	from /Library/Ruby/Gems/1.8/gems/packet-0.1.15/lib/packet/packet_core.rb:126:in `start_server'
	from /Users/nancy/ndujmovic/project3/engineers/vendor/plugins/backgroundrb/server/lib/master_proxy.rb:17:in `initialize'
	from /Library/Ruby/Gems/1.8/gems/packet-0.1.15/lib/packet/packet_master.rb:19:in `run'
	from /Users/nancy/ndujmovic/project3/engineers/vendor/plugins/backgroundrb/server/lib/master_proxy.rb:14:in `initialize'
	from /Users/nancy/ndujmovic/project3/engineers/vendor/plugins/backgroundrb/lib/backgroundrb/bdrb_start_stop.rb:109:in `new'
	from /Users/nancy/ndujmovic/project3/engineers/vendor/plugins/backgroundrb/lib/backgroundrb/bdrb_start_stop.rb:109:in `start_bdrb'
	from /Users/nancy/ndujmovic/project3/engineers/vendor/plugins/backgroundrb/lib/backgroundrb/bdrb_start_stop.rb:16:in `start'
	from script/backgroundrb:24
/Library/Ruby/Gems/1.8/gems/packet-0.1.15/lib/packet/packet_core.rb:126:in `bind': Address family not supported by protocol family - bind(2) (Errno::EAFNOSUPPORT)
	from /Library/Ruby/Gems/1.8/gems/packet-0.1.15/lib/packet/packet_core.rb:126:in `start_server'
	from /Users/nancy/ndujmovic/project3/engineers/vendor/plugins/backgroundrb/server/lib/master_proxy.rb:17:in `initialize'
	from /Library/Ruby/Gems/1.8/gems/packet-0.1.15/lib/packet/packet_master.rb:19:in `run'
	from /Users/nancy/ndujmovic/project3/engineers/vendor/plugins/backgroundrb/server/lib/master_proxy.rb:14:in `initialize'
	from /Users/nancy/ndujmovic/project3/engineers/vendor/plugins/backgroundrb/lib/backgroundrb/bdrb_start_stop.rb:109:in `new'
	from /Users/nancy/ndujmovic/project3/engineers/vendor/plugins/backgroundrb/lib/backgroundrb/bdrb_start_stop.rb:109:in `start_bdrb'
	from /Users/nancy/ndujmovic/project3/engineers/vendor/plugins/backgroundrb/lib/backgroundrb/bdrb_start_stop.rb:16:in `start'
	from script/backgroundrb:24
